Warning: you requested the nanomsg event logger, but bmv2 was compiled without -DBMELOG, and the event logger cannot be activated
Calling target program-options parser
[19:31:24.981] [bmv2] [D] [thread 5841] Set default default entry for table 'MyIngress.ipv4_lpm': NoAction - 
[19:31:24.982] [bmv2] [D] [thread 5841] Set default default entry for table 'MyIngress.vl_table': NoAction - 
[19:31:24.983] [bmv2] [D] [thread 5841] Set default default entry for table 'MyEgress.int_table': NoAction - 
[19:31:24.983] [bmv2] [D] [thread 5841] Set default default entry for table 'tbl_mark_ecn': MyEgress.mark_ecn - 
Adding interface s2-eth1 as port 1
[19:31:24.988] [bmv2] [D] [thread 5841] Adding interface s2-eth1 as port 1
Adding interface s2-eth2 as port 2
[19:31:25.022] [bmv2] [D] [thread 5841] Adding interface s2-eth2 as port 2
Adding interface s2-eth3 as port 3
[19:31:25.050] [bmv2] [D] [thread 5841] Adding interface s2-eth3 as port 3
[19:31:25.078] [bmv2] [I] [thread 5841] Starting Thrift server on port 9091
[19:31:25.078] [bmv2] [I] [thread 5841] Thrift server was started
[19:31:25.687] [bmv2] [T] [thread 5912] bm_get_config
[19:31:25.690] [bmv2] [T] [thread 5912] bm_set_default_action
[19:31:25.690] [bmv2] [D] [thread 5912] Set default entry for table 'MyEgress.int_table': MyEgress.add_int_header - 2,
[19:31:25.691] [bmv2] [T] [thread 5912] set_egress_queue_rate
[19:31:25.691] [bmv2] [T] [thread 5912] set_egress_queue_rate
[19:31:25.692] [bmv2] [T] [thread 5912] set_egress_queue_rate
[19:31:25.692] [bmv2] [T] [thread 5912] set_egress_queue_rate
[19:31:25.693] [bmv2] [T] [thread 5912] bm_table_add_entry
[19:31:25.693] [bmv2] [D] [thread 5912] Entry 0 added to table 'MyIngress.vl_table'
[19:31:25.693] [bmv2] [D] [thread 5912] Dumping entry 0
Match key:
* hdr.ethernet.srcAddr: EXACT     00000a000101
Action entry: MyIngress.Check_VL - 1,c8,

[19:31:25.694] [bmv2] [T] [thread 5912] bm_table_add_entry
[19:31:25.694] [bmv2] [D] [thread 5912] Entry 1 added to table 'MyIngress.vl_table'
[19:31:25.694] [bmv2] [D] [thread 5912] Dumping entry 1
Match key:
* hdr.ethernet.srcAddr: EXACT     00000a000102
Action entry: MyIngress.Check_VL - 2,c8,

[19:31:25.695] [bmv2] [T] [thread 5912] bm_table_add_entry
[19:31:25.695] [bmv2] [D] [thread 5912] Entry 2 added to table 'MyIngress.vl_table'
[19:31:25.695] [bmv2] [D] [thread 5912] Dumping entry 2
Match key:
* hdr.ethernet.srcAddr: EXACT     00000a000103
Action entry: MyIngress.Check_VL - 3,c8,

[19:31:25.696] [bmv2] [T] [thread 5912] bm_table_add_entry
[19:31:25.696] [bmv2] [D] [thread 5912] Entry 3 added to table 'MyIngress.vl_table'
[19:31:25.696] [bmv2] [D] [thread 5912] Dumping entry 3
Match key:
* hdr.ethernet.srcAddr: EXACT     00000a000204
Action entry: MyIngress.Check_VL - 3,c8,

[19:31:25.697] [bmv2] [T] [thread 5912] bm_table_add_entry
[19:31:25.697] [bmv2] [D] [thread 5912] Entry 4 added to table 'MyIngress.vl_table'
[19:31:25.697] [bmv2] [D] [thread 5912] Dumping entry 4
Match key:
* hdr.ethernet.srcAddr: EXACT     00000a000205
Action entry: MyIngress.Check_VL - 3,c8,

[19:31:25.698] [bmv2] [T] [thread 5912] bm_table_add_entry
[19:31:25.698] [bmv2] [D] [thread 5912] Entry 0 added to table 'MyIngress.ipv4_lpm'
[19:31:25.698] [bmv2] [D] [thread 5912] Dumping entry 0
Match key:
* hdr.ipv4.dstAddr    : LPM       0a000205/32
Action entry: MyIngress.ipv4_forward - a000205,2,

[19:31:25.699] [bmv2] [T] [thread 5912] bm_table_add_entry
[19:31:25.699] [bmv2] [D] [thread 5912] Entry 1 added to table 'MyIngress.ipv4_lpm'
[19:31:25.699] [bmv2] [D] [thread 5912] Dumping entry 1
Match key:
* hdr.ipv4.dstAddr    : LPM       0a000204/32
Action entry: MyIngress.ipv4_forward - a000204,1,

[19:31:25.700] [bmv2] [T] [thread 5912] bm_table_add_entry
[19:31:25.700] [bmv2] [D] [thread 5912] Entry 2 added to table 'MyIngress.ipv4_lpm'
[19:31:25.700] [bmv2] [D] [thread 5912] Dumping entry 2
Match key:
* hdr.ipv4.dstAddr    : LPM       0a000103/32
Action entry: MyIngress.ipv4_forward - a000103,3,

[19:31:25.700] [bmv2] [T] [thread 5912] bm_table_add_entry
[19:31:25.700] [bmv2] [D] [thread 5912] Entry 3 added to table 'MyIngress.ipv4_lpm'
[19:31:25.701] [bmv2] [D] [thread 5912] Dumping entry 3
Match key:
* hdr.ipv4.dstAddr    : LPM       0a000102/32
Action entry: MyIngress.ipv4_forward - a000102,3,

[19:31:25.701] [bmv2] [T] [thread 5912] bm_table_add_entry
[19:31:25.702] [bmv2] [D] [thread 5912] Entry 4 added to table 'MyIngress.ipv4_lpm'
[19:31:25.702] [bmv2] [D] [thread 5912] Dumping entry 4
Match key:
* hdr.ipv4.dstAddr    : LPM       0a000101/32
Action entry: MyIngress.ipv4_forward - a000101,3,

[19:31:25.702] [bmv2] [T] [thread 5912] mirroring_sesssion_add
[19:31:25.703] [bmv2] [T] [thread 5912] mirroring_sesssion_add
[19:31:25.703] [bmv2] [T] [thread 5912] mirroring_sesssion_add
open: No such file or directory
open: No such file or directory
open: No such file or directory
open: No such file or directory
open: No such file or directory
open: No such file or directory
open: No such file or directory
open: No such file or directory
open: No such file or directory
