Warning: you requested the nanomsg event logger, but bmv2 was compiled without -DBMELOG, and the event logger cannot be activated
Calling target program-options parser
[19:31:24.811] [bmv2] [D] [thread 5828] Set default default entry for table 'MyIngress.ipv4_lpm': NoAction - 
[19:31:24.811] [bmv2] [D] [thread 5828] Set default default entry for table 'MyIngress.vl_table': NoAction - 
[19:31:24.812] [bmv2] [D] [thread 5828] Set default default entry for table 'MyEgress.int_table': NoAction - 
[19:31:24.812] [bmv2] [D] [thread 5828] Set default default entry for table 'tbl_mark_ecn': MyEgress.mark_ecn - 
Adding interface s1-eth1 as port 1
[19:31:24.815] [bmv2] [D] [thread 5828] Adding interface s1-eth1 as port 1
Adding interface s1-eth2 as port 2
[19:31:24.835] [bmv2] [D] [thread 5828] Adding interface s1-eth2 as port 2
Adding interface s1-eth3 as port 3
[19:31:24.877] [bmv2] [D] [thread 5828] Adding interface s1-eth3 as port 3
Adding interface s1-eth4 as port 4
[19:31:24.910] [bmv2] [D] [thread 5828] Adding interface s1-eth4 as port 4
[19:31:24.945] [bmv2] [I] [thread 5828] Starting Thrift server on port 9090
[19:31:24.946] [bmv2] [I] [thread 5828] Thrift server was started
[19:31:24.947] [bmv2] [D] [thread 5834] [0.0] [cxt 0] Processing packet received on port 3
[19:31:24.947] [bmv2] [D] [thread 5834] [0.0] [cxt 0] Parser 'parser': start
[19:31:24.947] [bmv2] [D] [thread 5834] [0.0] [cxt 0] Parser 'parser' entering state 'start'
[19:31:24.947] [bmv2] [D] [thread 5834] [0.0] [cxt 0] Extracting header 'ethernet'
[19:31:24.947] [bmv2] [D] [thread 5834] [0.0] [cxt 0] Parser state 'start': key is 86dd
[19:31:24.947] [bmv2] [T] [thread 5834] [0.0] [cxt 0] Bytes parsed: 14
[19:31:24.947] [bmv2] [D] [thread 5834] [0.0] [cxt 0] Parser 'parser': end
[19:31:24.947] [bmv2] [D] [thread 5834] [0.0] [cxt 0] Pipeline 'ingress': start
[19:31:24.947] [bmv2] [T] [thread 5834] [0.0] [cxt 0] /home/rmz/p4-utils/examples/my-dcqcn/dcqcn.p4(188) Condition "hdr.ipv4.isValid()" (node_2) is false
[19:31:24.947] [bmv2] [D] [thread 5834] [0.0] [cxt 0] Pipeline 'ingress': end
[19:31:24.947] [bmv2] [D] [thread 5834] [0.0] [cxt 0] Egress port is 0
[19:31:24.947] [bmv2] [D] [thread 5835] [0.0] [cxt 0] Pipeline 'egress': start
[19:31:24.947] [bmv2] [T] [thread 5835] [0.0] [cxt 0] /home/rmz/p4-utils/examples/my-dcqcn/dcqcn.p4(231) Condition "hdr.ipv4.isValid() && standard_metadata.instance_type == 0" (node_7) is false
[19:31:24.947] [bmv2] [D] [thread 5835] [0.0] [cxt 0] Pipeline 'egress': end
[19:31:24.947] [bmv2] [D] [thread 5835] [0.0] [cxt 0] Deparser 'deparser': start
[19:31:24.947] [bmv2] [T] [thread 5835] [0.0] [cxt 0] Skipping checksum 'cksum' update because condition not met
[19:31:24.947] [bmv2] [D] [thread 5835] [0.0] [cxt 0] Deparsing header 'ethernet'
[19:31:24.947] [bmv2] [D] [thread 5835] [0.0] [cxt 0] Deparser 'deparser': end
[19:31:24.948] [bmv2] [D] [thread 5839] [0.0] [cxt 0] Transmitting packet of size 90 out of port 0
[19:31:24.962] [bmv2] [D] [thread 5834] [1.0] [cxt 0] Processing packet received on port 4
[19:31:24.962] [bmv2] [D] [thread 5834] [1.0] [cxt 0] Parser 'parser': start
[19:31:24.962] [bmv2] [D] [thread 5834] [1.0] [cxt 0] Parser 'parser' entering state 'start'
[19:31:24.962] [bmv2] [D] [thread 5834] [1.0] [cxt 0] Extracting header 'ethernet'
[19:31:24.962] [bmv2] [D] [thread 5834] [1.0] [cxt 0] Parser state 'start': key is 86dd
[19:31:24.962] [bmv2] [T] [thread 5834] [1.0] [cxt 0] Bytes parsed: 14
[19:31:24.962] [bmv2] [D] [thread 5834] [1.0] [cxt 0] Parser 'parser': end
[19:31:24.962] [bmv2] [D] [thread 5834] [1.0] [cxt 0] Pipeline 'ingress': start
[19:31:24.963] [bmv2] [T] [thread 5834] [1.0] [cxt 0] /home/rmz/p4-utils/examples/my-dcqcn/dcqcn.p4(188) Condition "hdr.ipv4.isValid()" (node_2) is false
[19:31:24.963] [bmv2] [D] [thread 5834] [1.0] [cxt 0] Pipeline 'ingress': end
[19:31:24.963] [bmv2] [D] [thread 5834] [1.0] [cxt 0] Egress port is 0
[19:31:24.963] [bmv2] [D] [thread 5835] [1.0] [cxt 0] Pipeline 'egress': start
[19:31:24.963] [bmv2] [T] [thread 5835] [1.0] [cxt 0] /home/rmz/p4-utils/examples/my-dcqcn/dcqcn.p4(231) Condition "hdr.ipv4.isValid() && standard_metadata.instance_type == 0" (node_7) is false
[19:31:24.963] [bmv2] [D] [thread 5835] [1.0] [cxt 0] Pipeline 'egress': end
[19:31:24.963] [bmv2] [D] [thread 5835] [1.0] [cxt 0] Deparser 'deparser': start
[19:31:24.963] [bmv2] [T] [thread 5835] [1.0] [cxt 0] Skipping checksum 'cksum' update because condition not met
[19:31:24.963] [bmv2] [D] [thread 5835] [1.0] [cxt 0] Deparsing header 'ethernet'
[19:31:24.963] [bmv2] [D] [thread 5835] [1.0] [cxt 0] Deparser 'deparser': end
[19:31:24.963] [bmv2] [D] [thread 5839] [1.0] [cxt 0] Transmitting packet of size 86 out of port 0
[19:31:24.990] [bmv2] [D] [thread 5834] [2.0] [cxt 0] Processing packet received on port 1
[19:31:24.990] [bmv2] [D] [thread 5834] [2.0] [cxt 0] Parser 'parser': start
[19:31:24.990] [bmv2] [D] [thread 5834] [2.0] [cxt 0] Parser 'parser' entering state 'start'
[19:31:24.990] [bmv2] [D] [thread 5834] [2.0] [cxt 0] Extracting header 'ethernet'
[19:31:24.990] [bmv2] [D] [thread 5834] [2.0] [cxt 0] Parser state 'start': key is 86dd
[19:31:24.991] [bmv2] [T] [thread 5834] [2.0] [cxt 0] Bytes parsed: 14
[19:31:24.991] [bmv2] [D] [thread 5834] [2.0] [cxt 0] Parser 'parser': end
[19:31:24.991] [bmv2] [D] [thread 5834] [2.0] [cxt 0] Pipeline 'ingress': start
[19:31:24.991] [bmv2] [T] [thread 5834] [2.0] [cxt 0] /home/rmz/p4-utils/examples/my-dcqcn/dcqcn.p4(188) Condition "hdr.ipv4.isValid()" (node_2) is false
[19:31:24.991] [bmv2] [D] [thread 5834] [2.0] [cxt 0] Pipeline 'ingress': end
[19:31:24.991] [bmv2] [D] [thread 5834] [2.0] [cxt 0] Egress port is 0
[19:31:24.991] [bmv2] [D] [thread 5835] [2.0] [cxt 0] Pipeline 'egress': start
[19:31:24.991] [bmv2] [T] [thread 5835] [2.0] [cxt 0] /home/rmz/p4-utils/examples/my-dcqcn/dcqcn.p4(231) Condition "hdr.ipv4.isValid() && standard_metadata.instance_type == 0" (node_7) is false
[19:31:24.991] [bmv2] [D] [thread 5835] [2.0] [cxt 0] Pipeline 'egress': end
[19:31:24.991] [bmv2] [D] [thread 5835] [2.0] [cxt 0] Deparser 'deparser': start
[19:31:24.991] [bmv2] [T] [thread 5835] [2.0] [cxt 0] Skipping checksum 'cksum' update because condition not met
[19:31:24.991] [bmv2] [D] [thread 5835] [2.0] [cxt 0] Deparsing header 'ethernet'
[19:31:24.991] [bmv2] [D] [thread 5835] [2.0] [cxt 0] Deparser 'deparser': end
[19:31:24.991] [bmv2] [D] [thread 5839] [2.0] [cxt 0] Transmitting packet of size 90 out of port 0
[19:31:25.484] [bmv2] [T] [thread 5910] bm_get_config
[19:31:25.487] [bmv2] [T] [thread 5910] bm_set_default_action
[19:31:25.487] [bmv2] [D] [thread 5910] Set default entry for table 'MyEgress.int_table': MyEgress.add_int_header - 1,
[19:31:25.487] [bmv2] [T] [thread 5910] set_egress_queue_rate
[19:31:25.488] [bmv2] [T] [thread 5910] set_egress_queue_rate
[19:31:25.488] [bmv2] [T] [thread 5910] set_egress_queue_rate
[19:31:25.489] [bmv2] [T] [thread 5910] set_egress_queue_rate
[19:31:25.490] [bmv2] [T] [thread 5910] bm_table_add_entry
[19:31:25.490] [bmv2] [D] [thread 5910] Entry 0 added to table 'MyIngress.vl_table'
[19:31:25.490] [bmv2] [D] [thread 5910] Dumping entry 0
Match key:
* hdr.ethernet.srcAddr: EXACT     00000a000101
Action entry: MyIngress.Check_VL - 1,12c,

[19:31:25.491] [bmv2] [T] [thread 5910] bm_table_add_entry
[19:31:25.491] [bmv2] [D] [thread 5910] Entry 1 added to table 'MyIngress.vl_table'
[19:31:25.491] [bmv2] [D] [thread 5910] Dumping entry 1
Match key:
* hdr.ethernet.srcAddr: EXACT     00000a000102
Action entry: MyIngress.Check_VL - 2,12c,

[19:31:25.492] [bmv2] [T] [thread 5910] bm_table_add_entry
[19:31:25.492] [bmv2] [D] [thread 5910] Entry 2 added to table 'MyIngress.vl_table'
[19:31:25.492] [bmv2] [D] [thread 5910] Dumping entry 2
Match key:
* hdr.ethernet.srcAddr: EXACT     00000a000103
Action entry: MyIngress.Check_VL - 3,12c,

[19:31:25.493] [bmv2] [T] [thread 5910] bm_table_add_entry
[19:31:25.493] [bmv2] [D] [thread 5910] Entry 3 added to table 'MyIngress.vl_table'
[19:31:25.493] [bmv2] [D] [thread 5910] Dumping entry 3
Match key:
* hdr.ethernet.srcAddr: EXACT     00000a000204
Action entry: MyIngress.Check_VL - 3,12c,

[19:31:25.494] [bmv2] [T] [thread 5910] bm_table_add_entry
[19:31:25.494] [bmv2] [D] [thread 5910] Entry 4 added to table 'MyIngress.vl_table'
[19:31:25.494] [bmv2] [D] [thread 5910] Dumping entry 4
Match key:
* hdr.ethernet.srcAddr: EXACT     00000a000205
Action entry: MyIngress.Check_VL - 3,12c,

[19:31:25.495] [bmv2] [T] [thread 5910] bm_table_add_entry
[19:31:25.495] [bmv2] [D] [thread 5910] Entry 0 added to table 'MyIngress.ipv4_lpm'
[19:31:25.495] [bmv2] [D] [thread 5910] Dumping entry 0
Match key:
* hdr.ipv4.dstAddr    : LPM       0a000205/32
Action entry: MyIngress.ipv4_forward - a000205,4,

[19:31:25.496] [bmv2] [T] [thread 5910] bm_table_add_entry
[19:31:25.496] [bmv2] [D] [thread 5910] Entry 1 added to table 'MyIngress.ipv4_lpm'
[19:31:25.496] [bmv2] [D] [thread 5910] Dumping entry 1
Match key:
* hdr.ipv4.dstAddr    : LPM       0a000204/32
Action entry: MyIngress.ipv4_forward - a000204,4,

[19:31:25.497] [bmv2] [T] [thread 5910] bm_table_add_entry
[19:31:25.497] [bmv2] [D] [thread 5910] Entry 2 added to table 'MyIngress.ipv4_lpm'
[19:31:25.497] [bmv2] [D] [thread 5910] Dumping entry 2
Match key:
* hdr.ipv4.dstAddr    : LPM       0a000103/32
Action entry: MyIngress.ipv4_forward - a000103,3,

[19:31:25.498] [bmv2] [T] [thread 5910] bm_table_add_entry
[19:31:25.498] [bmv2] [D] [thread 5910] Entry 3 added to table 'MyIngress.ipv4_lpm'
[19:31:25.498] [bmv2] [D] [thread 5910] Dumping entry 3
Match key:
* hdr.ipv4.dstAddr    : LPM       0a000102/32
Action entry: MyIngress.ipv4_forward - a000102,2,

[19:31:25.499] [bmv2] [T] [thread 5910] bm_table_add_entry
[19:31:25.499] [bmv2] [D] [thread 5910] Entry 4 added to table 'MyIngress.ipv4_lpm'
[19:31:25.500] [bmv2] [D] [thread 5910] Dumping entry 4
Match key:
* hdr.ipv4.dstAddr    : LPM       0a000101/32
Action entry: MyIngress.ipv4_forward - a000101,1,

[19:31:25.500] [bmv2] [T] [thread 5910] mirroring_sesssion_add
[19:31:25.500] [bmv2] [T] [thread 5910] mirroring_sesssion_add
[19:31:25.502] [bmv2] [T] [thread 5910] mirroring_sesssion_add
open: No such file or directory
open: No such file or directory
open: No such file or directory
open: No such file or directory
open: No such file or directory
open: No such file or directory
open: No such file or directory
open: No such file or directory
open: No such file or directory
open: No such file or directory
open: No such file or directory
open: No such file or directory
open: No such file or directory
