Warning: you requested the nanomsg event logger, but bmv2 was compiled without -DBMELOG, and the event logger cannot be activated
Calling target program-options parser
[19:38:23.309] [bmv2] [D] [thread 7575] Set default default entry for table 'MyIngress.ipv4_lpm': NoAction - 
[19:38:23.310] [bmv2] [D] [thread 7575] Set default default entry for table 'MyIngress.vl_table': NoAction - 
[19:38:23.311] [bmv2] [D] [thread 7575] Set default default entry for table 'MyEgress.int_table': NoAction - 
[19:38:23.311] [bmv2] [D] [thread 7575] Set default default entry for table 'tbl_tcn242': tcn242 - 
[19:38:23.311] [bmv2] [D] [thread 7575] Set default default entry for table 'tbl_mark_ecn': MyEgress.mark_ecn - 
Adding interface s1-eth1 as port 1
[19:38:23.314] [bmv2] [D] [thread 7575] Adding interface s1-eth1 as port 1
Adding interface s1-eth2 as port 2
[19:38:23.335] [bmv2] [D] [thread 7575] Adding interface s1-eth2 as port 2
Adding interface s1-eth3 as port 3
[19:38:23.347] [bmv2] [D] [thread 7575] Adding interface s1-eth3 as port 3
Adding interface s1-eth4 as port 4
[19:38:23.363] [bmv2] [D] [thread 7575] Adding interface s1-eth4 as port 4
[19:38:23.385] [bmv2] [I] [thread 7575] Starting Thrift server on port 9090
[19:38:23.386] [bmv2] [I] [thread 7575] Thrift server was started
[19:38:23.519] [bmv2] [D] [thread 7581] [0.0] [cxt 0] Processing packet received on port 3
[19:38:23.519] [bmv2] [D] [thread 7581] [0.0] [cxt 0] Parser 'parser': start
[19:38:23.519] [bmv2] [D] [thread 7581] [0.0] [cxt 0] Parser 'parser' entering state 'start'
[19:38:23.519] [bmv2] [D] [thread 7581] [0.0] [cxt 0] Extracting header 'ethernet'
[19:38:23.519] [bmv2] [D] [thread 7581] [0.0] [cxt 0] Parser state 'start': key is 86dd
[19:38:23.519] [bmv2] [T] [thread 7581] [0.0] [cxt 0] Bytes parsed: 14
[19:38:23.519] [bmv2] [D] [thread 7581] [0.0] [cxt 0] Parser 'parser': end
[19:38:23.519] [bmv2] [D] [thread 7581] [0.0] [cxt 0] Pipeline 'ingress': start
[19:38:23.519] [bmv2] [T] [thread 7581] [0.0] [cxt 0] /home/rmz/p4-utils/examples/my-tcn/tcn.p4(190) Condition "hdr.ipv4.isValid()" (node_2) is false
[19:38:23.519] [bmv2] [D] [thread 7581] [0.0] [cxt 0] Pipeline 'ingress': end
[19:38:23.519] [bmv2] [D] [thread 7581] [0.0] [cxt 0] Egress port is 0
[19:38:23.519] [bmv2] [D] [thread 7582] [0.0] [cxt 0] Pipeline 'egress': start
[19:38:23.519] [bmv2] [T] [thread 7582] [0.0] [cxt 0] /home/rmz/p4-utils/examples/my-tcn/tcn.p4(233) Condition "hdr.ipv4.isValid() && standard_metadata.instance_type == 0" (node_7) is false
[19:38:23.519] [bmv2] [D] [thread 7582] [0.0] [cxt 0] Pipeline 'egress': end
[19:38:23.519] [bmv2] [D] [thread 7582] [0.0] [cxt 0] Deparser 'deparser': start
[19:38:23.519] [bmv2] [T] [thread 7582] [0.0] [cxt 0] Skipping checksum 'cksum' update because condition not met
[19:38:23.519] [bmv2] [D] [thread 7582] [0.0] [cxt 0] Deparsing header 'ethernet'
[19:38:23.519] [bmv2] [D] [thread 7582] [0.0] [cxt 0] Deparser 'deparser': end
[19:38:23.519] [bmv2] [D] [thread 7586] [0.0] [cxt 0] Transmitting packet of size 90 out of port 0
[19:38:23.697] [bmv2] [T] [thread 7656] bm_get_config
[19:38:23.700] [bmv2] [T] [thread 7656] bm_set_default_action
[19:38:23.700] [bmv2] [D] [thread 7656] Set default entry for table 'MyEgress.int_table': MyEgress.add_int_header - 1,
[19:38:23.702] [bmv2] [T] [thread 7656] set_egress_queue_rate
[19:38:23.702] [bmv2] [T] [thread 7656] set_egress_queue_rate
[19:38:23.702] [bmv2] [T] [thread 7656] set_egress_queue_rate
[19:38:23.702] [bmv2] [T] [thread 7656] set_egress_queue_rate
[19:38:23.703] [bmv2] [T] [thread 7656] bm_table_add_entry
[19:38:23.703] [bmv2] [D] [thread 7656] Entry 0 added to table 'MyIngress.vl_table'
[19:38:23.703] [bmv2] [D] [thread 7656] Dumping entry 0
Match key:
* hdr.ethernet.srcAddr: EXACT     00000a000101
Action entry: MyIngress.Check_VL - 1,12c,

[19:38:23.703] [bmv2] [T] [thread 7656] bm_table_add_entry
[19:38:23.703] [bmv2] [D] [thread 7656] Entry 1 added to table 'MyIngress.vl_table'
[19:38:23.703] [bmv2] [D] [thread 7656] Dumping entry 1
Match key:
* hdr.ethernet.srcAddr: EXACT     00000a000102
Action entry: MyIngress.Check_VL - 2,12c,

[19:38:23.704] [bmv2] [T] [thread 7656] bm_table_add_entry
[19:38:23.704] [bmv2] [D] [thread 7656] Entry 2 added to table 'MyIngress.vl_table'
[19:38:23.704] [bmv2] [D] [thread 7656] Dumping entry 2
Match key:
* hdr.ethernet.srcAddr: EXACT     00000a000103
Action entry: MyIngress.Check_VL - 3,12c,

[19:38:23.704] [bmv2] [T] [thread 7656] bm_table_add_entry
[19:38:23.704] [bmv2] [D] [thread 7656] Entry 3 added to table 'MyIngress.vl_table'
[19:38:23.704] [bmv2] [D] [thread 7656] Dumping entry 3
Match key:
* hdr.ethernet.srcAddr: EXACT     00000a000204
Action entry: MyIngress.Check_VL - 3,12c,

[19:38:23.705] [bmv2] [T] [thread 7656] bm_table_add_entry
[19:38:23.705] [bmv2] [D] [thread 7656] Entry 4 added to table 'MyIngress.vl_table'
[19:38:23.705] [bmv2] [D] [thread 7656] Dumping entry 4
Match key:
* hdr.ethernet.srcAddr: EXACT     00000a000205
Action entry: MyIngress.Check_VL - 3,12c,

[19:38:23.705] [bmv2] [T] [thread 7656] bm_table_add_entry
[19:38:23.705] [bmv2] [D] [thread 7656] Entry 0 added to table 'MyIngress.ipv4_lpm'
[19:38:23.705] [bmv2] [D] [thread 7656] Dumping entry 0
Match key:
* hdr.ipv4.dstAddr    : LPM       0a000205/32
Action entry: MyIngress.ipv4_forward - a000205,4,

[19:38:23.705] [bmv2] [T] [thread 7656] bm_table_add_entry
[19:38:23.705] [bmv2] [D] [thread 7656] Entry 1 added to table 'MyIngress.ipv4_lpm'
[19:38:23.705] [bmv2] [D] [thread 7656] Dumping entry 1
Match key:
* hdr.ipv4.dstAddr    : LPM       0a000204/32
Action entry: MyIngress.ipv4_forward - a000204,4,

[19:38:23.706] [bmv2] [T] [thread 7656] bm_table_add_entry
[19:38:23.706] [bmv2] [D] [thread 7656] Entry 2 added to table 'MyIngress.ipv4_lpm'
[19:38:23.706] [bmv2] [D] [thread 7656] Dumping entry 2
Match key:
* hdr.ipv4.dstAddr    : LPM       0a000103/32
Action entry: MyIngress.ipv4_forward - a000103,3,

[19:38:23.707] [bmv2] [T] [thread 7656] bm_table_add_entry
[19:38:23.707] [bmv2] [D] [thread 7656] Entry 3 added to table 'MyIngress.ipv4_lpm'
[19:38:23.707] [bmv2] [D] [thread 7656] Dumping entry 3
Match key:
* hdr.ipv4.dstAddr    : LPM       0a000102/32
Action entry: MyIngress.ipv4_forward - a000102,2,

[19:38:23.707] [bmv2] [T] [thread 7656] bm_table_add_entry
[19:38:23.708] [bmv2] [D] [thread 7656] Entry 4 added to table 'MyIngress.ipv4_lpm'
[19:38:23.708] [bmv2] [D] [thread 7656] Dumping entry 4
Match key:
* hdr.ipv4.dstAddr    : LPM       0a000101/32
Action entry: MyIngress.ipv4_forward - a000101,1,

[19:38:23.708] [bmv2] [T] [thread 7656] mirroring_sesssion_add
[19:38:23.708] [bmv2] [T] [thread 7656] mirroring_sesssion_add
[19:38:23.709] [bmv2] [T] [thread 7656] mirroring_sesssion_add
